d:\cie-year 2\cie 202 _c++\project\spot - cie202 project code framework\spot\x64\debug\vc142.pdb
d:\cie-year 2\cie 202 _c++\project\spot - cie202 project code framework\spot\x64\debug\vc142.idb
d:\cie-year 2\cie 202 _c++\project\spot - cie202 project code framework\spot\x64\debug\studyplan.obj
d:\cie-year 2\cie 202 _c++\project\spot - cie202 project code framework\spot\x64\debug\academicyear.obj
d:\cie-year 2\cie 202 _c++\project\spot - cie202 project code framework\spot\x64\debug\registrar.obj
d:\cie-year 2\cie 202 _c++\project\spot - cie202 project code framework\spot\x64\debug\note.obj
d:\cie-year 2\cie 202 _c++\project\spot - cie202 project code framework\spot\x64\debug\main.obj
d:\cie-year 2\cie 202 _c++\project\spot - cie202 project code framework\spot\x64\debug\gui.obj
d:\cie-year 2\cie 202 _c++\project\spot - cie202 project code framework\spot\x64\debug\drawable.obj
d:\cie-year 2\cie 202 _c++\project\spot - cie202 project code framework\spot\x64\debug\windowinput.obj
d:\cie-year 2\cie 202 _c++\project\spot - cie202 project code framework\spot\x64\debug\mousequeue.obj
d:\cie-year 2\cie 202 _c++\project\spot - cie202 project code framework\spot\x64\debug\keyqueue.obj
d:\cie-year 2\cie 202 _c++\project\spot - cie202 project code framework\spot\x64\debug\image.obj
d:\cie-year 2\cie 202 _c++\project\spot - cie202 project code framework\spot\x64\debug\colors.obj
d:\cie-year 2\cie 202 _c++\project\spot - cie202 project code framework\spot\x64\debug\cmugraphics.obj
d:\cie-year 2\cie 202 _c++\project\spot - cie202 project code framework\spot\x64\debug\course.obj
d:\cie-year 2\cie 202 _c++\project\spot - cie202 project code framework\spot\x64\debug\actionaddcourse.obj
d:\cie-year 2\cie 202 _c++\project\spot - cie202 project code framework\spot\x64\debug\actionaddnotes.obj
d:\cie-year 2\cie 202 _c++\project\spot - cie202 project code framework\spot\x64\debug\jerror.obj
d:\cie-year 2\cie 202 _c++\project\spot - cie202 project code framework\spot\x64\debug\jdtrans.obj
d:\cie-year 2\cie 202 _c++\project\spot - cie202 project code framework\spot\x64\debug\jdsample.obj
d:\cie-year 2\cie 202 _c++\project\spot - cie202 project code framework\spot\x64\debug\jdpostct.obj
d:\cie-year 2\cie 202 _c++\project\spot - cie202 project code framework\spot\x64\debug\jdphuff.obj
d:\cie-year 2\cie 202 _c++\project\spot - cie202 project code framework\spot\x64\debug\jdmerge.obj
d:\cie-year 2\cie 202 _c++\project\spot - cie202 project code framework\spot\x64\debug\jdmaster.obj
d:\cie-year 2\cie 202 _c++\project\spot - cie202 project code framework\spot\x64\debug\jdmarker.obj
d:\cie-year 2\cie 202 _c++\project\spot - cie202 project code framework\spot\x64\debug\jdmainct.obj
d:\cie-year 2\cie 202 _c++\project\spot - cie202 project code framework\spot\x64\debug\jdinput.obj
d:\cie-year 2\cie 202 _c++\project\spot - cie202 project code framework\spot\x64\debug\jdhuff.obj
d:\cie-year 2\cie 202 _c++\project\spot - cie202 project code framework\spot\x64\debug\jddctmgr.obj
d:\cie-year 2\cie 202 _c++\project\spot - cie202 project code framework\spot\x64\debug\jdcolor.obj
d:\cie-year 2\cie 202 _c++\project\spot - cie202 project code framework\spot\x64\debug\jdcoefct.obj
d:\cie-year 2\cie 202 _c++\project\spot - cie202 project code framework\spot\x64\debug\jdatasrc.obj
d:\cie-year 2\cie 202 _c++\project\spot - cie202 project code framework\spot\x64\debug\jdapistd.obj
d:\cie-year 2\cie 202 _c++\project\spot - cie202 project code framework\spot\x64\debug\jdapimin.obj
d:\cie-year 2\cie 202 _c++\project\spot - cie202 project code framework\spot\x64\debug\jcparam.obj
d:\cie-year 2\cie 202 _c++\project\spot - cie202 project code framework\spot\x64\debug\jcomapi.obj
d:\cie-year 2\cie 202 _c++\project\spot - cie202 project code framework\spot\x64\debug\jpegload.obj
d:\cie-year 2\cie 202 _c++\project\spot - cie202 project code framework\spot\x64\debug\jutils.obj
d:\cie-year 2\cie 202 _c++\project\spot - cie202 project code framework\spot\x64\debug\jquant2.obj
d:\cie-year 2\cie 202 _c++\project\spot - cie202 project code framework\spot\x64\debug\jquant1.obj
d:\cie-year 2\cie 202 _c++\project\spot - cie202 project code framework\spot\x64\debug\jmemnobs.obj
d:\cie-year 2\cie 202 _c++\project\spot - cie202 project code framework\spot\x64\debug\jmemmgr.obj
d:\cie-year 2\cie 202 _c++\project\spot - cie202 project code framework\spot\x64\debug\jidctred.obj
d:\cie-year 2\cie 202 _c++\project\spot - cie202 project code framework\spot\x64\debug\jidctint.obj
d:\cie-year 2\cie 202 _c++\project\spot - cie202 project code framework\spot\x64\debug\jidctfst.obj
d:\cie-year 2\cie 202 _c++\project\spot - cie202 project code framework\spot\x64\debug\jidctflt.obj
d:\cie-year 2\cie 202 _c++\project\spot - cie202 project code framework\x64\debug\spot.exe
d:\cie-year 2\cie 202 _c++\project\spot - cie202 project code framework\x64\debug\spot.ilk
d:\cie-year 2\cie 202 _c++\project\spot - cie202 project code framework\x64\debug\spot.pdb
d:\cie-year 2\cie 202 _c++\project\spot - cie202 project code framework\spot\x64\debug\spot.tlog\cl.command.1.tlog
d:\cie-year 2\cie 202 _c++\project\spot - cie202 project code framework\spot\x64\debug\spot.tlog\cl.read.1.tlog
d:\cie-year 2\cie 202 _c++\project\spot - cie202 project code framework\spot\x64\debug\spot.tlog\cl.write.1.tlog
d:\cie-year 2\cie 202 _c++\project\spot - cie202 project code framework\spot\x64\debug\spot.tlog\link.command.1.tlog
d:\cie-year 2\cie 202 _c++\project\spot - cie202 project code framework\spot\x64\debug\spot.tlog\link.read.1.tlog
d:\cie-year 2\cie 202 _c++\project\spot - cie202 project code framework\spot\x64\debug\spot.tlog\link.write.1.tlog
